Running Gradle task 'assembleDebug'...                          

FAILURE: Build failed with an exception.

* What went wrong:
Execution failed for task ':app:checkDebugAarMetadata'.
> A failure occurred while executing com.android.build.gradle.internal.tasks.CheckAarMetadataWorkAction
   > 3 issues were found when checking AAR metadata:

       1.  Dependency ':flutter_local_notifications' requires core library desugaring to be enabled
           for :app.

           See https://developer.android.com/studio/write/java8-support.html for more
           details.

       2.  Dependency 'androidx.activity:activity-ktx:1.11.0' requires Android Gradle plugin 8.9.1 or higher.

           This build currently uses Android Gradle plugin 8.7.3.

       3.  Dependency 'androidx.activity:activity:1.11.0' requires Android Gradle plugin 8.9.1 or higher.

           This build currently uses Android Gradle plugin 8.7.3.

* Try:
> Run with --stacktrace option to get the stack trace.
> Run with --info or --debug option to get more log output.
> Run with --scan to get full insights.
> Get more help at https://help.gradle.org.

BUILD FAILED in 10s
Running Gradle task 'assembleDebug'...                             10.8s
Gradle task assembleDebug failed with exit code 1
