Running Gradle task 'assembleDebug'...                          
lib/screens/almacen_rd/almacen_rd_recepcion_screen.dart:439:40: Error: The argument type 'String?' can't be assigned to the parameter type 'String'.
                      title: Text(item.descripcion),
                                       ^
Target kernel_snapshot_program failed: Exception


FAILURE: Build failed with an exception.

* What went wrong:
Execution failed for task ':app:compileFlutterBuildDebug'.
> Process 'command 'C:\flutter\bin\flutter.bat'' finished with non-zero exit value 1

* Try:
> Run with --stacktrace option to get the stack trace.
> Run with --info or --debug option to get more log output.
> Run with --scan to get full insights.
> Get more help at https://help.gradle.org.

BUILD FAILED in 10s
Running Gradle task 'assembleDebug'...                             10.5s
Gradle task assembleDebug failed with exit code 1
